Started GET "/" for ::1 at 2018-01-13 12:02:57 -0500
  
ActiveRecord::PendingMigrationError (

Migrations are pending. To resolve this issue, run:

        bin/rails db:migrate RAILS_ENV=development

):
  
activerecord (5.0.2) lib/active_record/migration.rb:573:in `check_pending!'
activerecord (5.0.2) lib/active_record/migration.rb:549:in `call'
actionpack (5.0.2) lib/action_dispatch/middleware/callbacks.rb:38:in `block in call'
activesupport (5.0.2) lib/active_support/callbacks.rb:97:in `__run_callbacks__'
activesupport (5.0.2) lib/active_support/callbacks.rb:750:in `_run_call_callbacks'
activesupport (5.0.2) lib/active_support/callbacks.rb:90:in `run_callbacks'
actionpack (5.0.2) lib/action_dispatch/middleware/callbacks.rb:36:in `call'
actionpack (5.0.2) lib/action_dispatch/middleware/executor.rb:12:in `call'
actionpack (5.0.2) lib/action_dispatch/middleware/remote_ip.rb:79:in `call'
actionpack (5.0.2) lib/action_dispatch/middleware/debug_exceptions.rb:49:in `call'
web-console (3.4.0) lib/web_console/middleware.rb:135:in `call_app'
web-console (3.4.0) lib/web_console/middleware.rb:28:in `block in call'
web-console (3.4.0) lib/web_console/middleware.rb:18:in `catch'
web-console (3.4.0) lib/web_console/middleware.rb:18:in `call'
actionpack (5.0.2) lib/action_dispatch/middleware/show_exceptions.rb:31:in `call'
railties (5.0.2) lib/rails/rack/logger.rb:36:in `call_app'
railties (5.0.2) lib/rails/rack/logger.rb:24:in `block in call'
activesupport (5.0.2) lib/active_support/tagged_logging.rb:69:in `block in tagged'
activesupport (5.0.2) lib/active_support/tagged_logging.rb:26:in `tagged'
activesupport (5.0.2) lib/active_support/tagged_logging.rb:69:in `tagged'
railties (5.0.2) lib/rails/rack/logger.rb:24:in `call'
sprockets-rails (3.2.0) lib/sprockets/rails/quiet_assets.rb:13:in `call'
actionpack (5.0.2) lib/action_dispatch/middleware/request_id.rb:24:in `call'
rack (2.0.1) lib/rack/method_override.rb:22:in `call'
rack (2.0.1) lib/rack/runtime.rb:22:in `call'
activesupport (5.0.2) lib/active_support/cache/strategy/local_cache_middleware.rb:28:in `call'
actionpack (5.0.2) lib/action_dispatch/middleware/executor.rb:12:in `call'
actionpack (5.0.2) lib/action_dispatch/middleware/static.rb:136:in `call'
rack (2.0.1) lib/rack/sendfile.rb:111:in `call'
railties (5.0.2) lib/rails/engine.rb:522:in `call'
puma (3.8.2) lib/puma/configuration.rb:224:in `call'
puma (3.8.2) lib/puma/server.rb:600:in `handle_request'
puma (3.8.2) lib/puma/server.rb:435:in `process_client'
puma (3.8.2) lib/puma/server.rb:299:in `block in run'
puma (3.8.2) lib/puma/thread_pool.rb:120:in `block in spawn_thread'
  Rendering /Users/skylar/.rbenv/versions/2.4.2/lib/ruby/gems/2.4.0/gems/actionpack-5.0.2/lib/action_dispatch/middleware/templates/rescues/diagnostics.html.erb within rescues/layout
  Rendering /Users/skylar/.rbenv/versions/2.4.2/lib/ruby/gems/2.4.0/gems/actionpack-5.0.2/lib/action_dispatch/middleware/templates/rescues/_source.html.erb
  Rendered /Users/skylar/.rbenv/versions/2.4.2/lib/ruby/gems/2.4.0/gems/actionpack-5.0.2/lib/action_dispatch/middleware/templates/rescues/_source.html.erb (3.9ms)
  Rendering /Users/skylar/.rbenv/versions/2.4.2/lib/ruby/gems/2.4.0/gems/actionpack-5.0.2/lib/action_dispatch/middleware/templates/rescues/_trace.html.erb
  Rendered /Users/skylar/.rbenv/versions/2.4.2/lib/ruby/gems/2.4.0/gems/actionpack-5.0.2/lib/action_dispatch/middleware/templates/rescues/_trace.html.erb (2.4ms)
  Rendering /Users/skylar/.rbenv/versions/2.4.2/lib/ruby/gems/2.4.0/gems/actionpack-5.0.2/lib/action_dispatch/middleware/templates/rescues/_request_and_response.html.erb
  Rendered /Users/skylar/.rbenv/versions/2.4.2/lib/ruby/gems/2.4.0/gems/actionpack-5.0.2/lib/action_dispatch/middleware/templates/rescues/_request_and_response.html.erb (1.4ms)
  Rendered /Users/skylar/.rbenv/versions/2.4.2/lib/ruby/gems/2.4.0/gems/actionpack-5.0.2/lib/action_dispatch/middleware/templates/rescues/diagnostics.html.erb within rescues/layout (197.6ms)
  [1m[35m (1.5ms)[0m  [1m[35mCREATE TABLE "schema_migrations" ("version" varchar NOT NULL PRIMARY KEY)[0m
  [1m[35m (1.4ms)[0m  [1m[35mCREATE TABLE "ar_internal_metadata" ("key" varchar NOT NULL PRIMARY KEY, "value" varchar, "created_at" datetime NOT NULL, "updated_at" datetime NOT NULL)[0m
  [1m[36mActiveRecord::SchemaMigration Load (0.2ms)[0m  [1m[34mSELECT "schema_migrations".* FROM "schema_migrations"[0m
Migrating to CreateItems (20170325150709)
  [1m[35m (0.1ms)[0m  [1m[36mbegin transaction[0m
  [1m[35m (0.5ms)[0m  [1m[35mCREATE TABLE "items" ("id" INTEGER PRIMARY KEY AUTOINCREMENT NOT NULL, "name" varchar, "category" varchar, "quantity" integer, "description" text, "created_at" datetime NOT NULL, "updated_at" datetime NOT NULL)[0m
  [1m[35mSQL (0.4ms)[0m  [1m[32mINSERT INTO "schema_migrations" ("version") VALUES (?)[0m  [["version", "20170325150709"]]
  [1m[35m (1.3ms)[0m  [1m[36mcommit transaction[0m
Migrating to CreateUsers (20170325151257)
  [1m[35m (0.1ms)[0m  [1m[36mbegin transaction[0m
  [1m[35m (0.8ms)[0m  [1m[35mCREATE TABLE "users" ("id" INTEGER PRIMARY KEY AUTOINCREMENT NOT NULL, "name" varchar, "created_at" datetime NOT NULL, "updated_at" datetime NOT NULL)[0m
  [1m[35mSQL (0.5ms)[0m  [1m[32mINSERT INTO "schema_migrations" ("version") VALUES (?)[0m  [["version", "20170325151257"]]
  [1m[35m (1.0ms)[0m  [1m[36mcommit transaction[0m
Migrating to CreateMembers (20170325151602)
  [1m[35m (0.0ms)[0m  [1m[36mbegin transaction[0m
  [1m[35m (0.4ms)[0m  [1m[35mCREATE TABLE "members" ("id" INTEGER PRIMARY KEY AUTOINCREMENT NOT NULL, "name" varchar, "email" varchar, "phone" varchar, "created_at" datetime NOT NULL, "updated_at" datetime NOT NULL)[0m
  [1m[35mSQL (0.2ms)[0m  [1m[32mINSERT INTO "schema_migrations" ("version") VALUES (?)[0m  [["version", "20170325151602"]]
  [1m[35m (1.2ms)[0m  [1m[36mcommit transaction[0m
Migrating to CreateOrders (20170325152140)
  [1m[35m (0.1ms)[0m  [1m[36mbegin transaction[0m
  [1m[35m (0.6ms)[0m  [1m[35mCREATE TABLE "orders" ("id" INTEGER PRIMARY KEY AUTOINCREMENT NOT NULL, "quantity" varchar, "status" boolean, "expire_at" date, "item_id" integer, "member_id" integer, "created_at" datetime NOT NULL, "updated_at" datetime NOT NULL)[0m
  [1m[35m (0.5ms)[0m  [1m[34mselect sqlite_version(*)[0m
  [1m[35m (0.2ms)[0m  [1m[35mCREATE  INDEX "index_orders_on_item_id" ON "orders" ("item_id")[0m
  [1m[35m (0.1ms)[0m  [1m[34m            SELECT sql
            FROM sqlite_master
            WHERE name='index_orders_on_item_id' AND type='index'
            UNION ALL
            SELECT sql
            FROM sqlite_temp_master
            WHERE name='index_orders_on_item_id' AND type='index'
[0m
  [1m[35m (0.1ms)[0m  [1m[35mCREATE  INDEX "index_orders_on_member_id" ON "orders" ("member_id")[0m
  [1m[35mSQL (0.7ms)[0m  [1m[32mINSERT INTO "schema_migrations" ("version") VALUES (?)[0m  [["version", "20170325152140"]]
  [1m[35m (1.1ms)[0m  [1m[36mcommit transaction[0m
Migrating to AddDeviseToUsers (20170325194949)
  [1m[35m (0.1ms)[0m  [1m[36mbegin transaction[0m
  [1m[35m (0.7ms)[0m  [1m[35mALTER TABLE "users" ADD "email" varchar DEFAULT '' NOT NULL[0m
  [1m[35m (0.3ms)[0m  [1m[35mALTER TABLE "users" ADD "encrypted_password" varchar DEFAULT '' NOT NULL[0m
  [1m[35m (0.1ms)[0m  [1m[35mALTER TABLE "users" ADD "reset_password_token" varchar[0m
  [1m[35m (0.1ms)[0m  [1m[35mALTER TABLE "users" ADD "reset_password_sent_at" datetime[0m
  [1m[35m (0.1ms)[0m  [1m[35mALTER TABLE "users" ADD "remember_created_at" datetime[0m
  [1m[35m (0.1ms)[0m  [1m[35mALTER TABLE "users" ADD "sign_in_count" integer DEFAULT 0 NOT NULL[0m
  [1m[35m (0.1ms)[0m  [1m[35mALTER TABLE "users" ADD "current_sign_in_at" datetime[0m
  [1m[35m (0.1ms)[0m  [1m[35mALTER TABLE "users" ADD "last_sign_in_at" datetime[0m
  [1m[35m (0.2ms)[0m  [1m[35mALTER TABLE "users" ADD "current_sign_in_ip" varchar[0m
  [1m[35m (0.1ms)[0m  [1m[35mALTER TABLE "users" ADD "last_sign_in_ip" varchar[0m
  [1m[35m (0.1ms)[0m  [1m[35mCREATE UNIQUE INDEX "index_users_on_email" ON "users" ("email")[0m
  [1m[35m (0.1ms)[0m  [1m[34m            SELECT sql
            FROM sqlite_master
            WHERE name='index_users_on_email' AND type='index'
            UNION ALL
            SELECT sql
            FROM sqlite_temp_master
            WHERE name='index_users_on_email' AND type='index'
[0m
  [1m[35m (0.1ms)[0m  [1m[35mCREATE UNIQUE INDEX "index_users_on_reset_password_token" ON "users" ("reset_password_token")[0m
  [1m[35mSQL (0.3ms)[0m  [1m[32mINSERT INTO "schema_migrations" ("version") VALUES (?)[0m  [["version", "20170325194949"]]
  [1m[35m (1.2ms)[0m  [1m[36mcommit transaction[0m
Migrating to AddAvailableQuantityToItems (20170423075558)
  [1m[35m (0.1ms)[0m  [1m[36mbegin transaction[0m
  [1m[35m (0.6ms)[0m  [1m[35mALTER TABLE "items" ADD "remaining_quantity" integer[0m
  [1m[35mSQL (0.2ms)[0m  [1m[32mINSERT INTO "schema_migrations" ("version") VALUES (?)[0m  [["version", "20170423075558"]]
  [1m[35m (1.1ms)[0m  [1m[36mcommit transaction[0m
Migrating to CreateDelayedJobs (20170423144447)
  [1m[35m (0.1ms)[0m  [1m[36mbegin transaction[0m
DEPRECATION WARNING: Directly inheriting from ActiveRecord::Migration is deprecated. Please specify the Rails release the migration was written for:

  class CreateDelayedJobs < ActiveRecord::Migration[4.2] (called from require at /Users/skylar/Desktop/Playground/inventorious-master/bin/rails:9)
  [1m[35m (0.4ms)[0m  [1m[35mCREATE TABLE "delayed_jobs" ("id" INTEGER PRIMARY KEY AUTOINCREMENT NOT NULL, "priority" integer DEFAULT 0 NOT NULL, "attempts" integer DEFAULT 0 NOT NULL, "handler" text NOT NULL, "last_error" text, "run_at" datetime, "locked_at" datetime, "failed_at" datetime, "locked_by" varchar, "queue" varchar, "created_at" datetime, "updated_at" datetime)[0m
  [1m[35m (0.1ms)[0m  [1m[35mCREATE  INDEX "delayed_jobs_priority" ON "delayed_jobs" ("priority", "run_at")[0m
  [1m[35mSQL (0.2ms)[0m  [1m[32mINSERT INTO "schema_migrations" ("version") VALUES (?)[0m  [["version", "20170423144447"]]
  [1m[35m (1.2ms)[0m  [1m[36mcommit transaction[0m
  [1m[36mActiveRecord::InternalMetadata Load (0.1ms)[0m  [1m[34mSELECT  "ar_internal_metadata".* FROM "ar_internal_metadata" WHERE "ar_internal_metadata"."key" = ? LIMIT ?[0m  [["key", :environment], ["LIMIT", 1]]
  [1m[35m (0.0ms)[0m  [1m[36mbegin transaction[0m
  [1m[35mSQL (0.5ms)[0m  [1m[32mINSERT INTO "ar_internal_metadata" ("key", "value", "created_at", "updated_at") VALUES (?, ?, ?, ?)[0m  [["key", "environment"], ["value", "development"], ["created_at", 2018-01-13 17:03:30 UTC], ["updated_at", 2018-01-13 17:03:30 UTC]]
  [1m[35m (1.1ms)[0m  [1m[36mcommit transaction[0m
  [1m[36mActiveRecord::SchemaMigration Load (0.1ms)[0m  [1m[34mSELECT "schema_migrations".* FROM "schema_migrations"[0m
  [1m[35m (0.1ms)[0m  [1m[34m            SELECT sql
            FROM sqlite_master
            WHERE name='delayed_jobs_priority' AND type='index'
            UNION ALL
            SELECT sql
            FROM sqlite_temp_master
            WHERE name='delayed_jobs_priority' AND type='index'
[0m
  [1m[35m (0.4ms)[0m  [1m[34m            SELECT sql
            FROM sqlite_master
            WHERE name='index_orders_on_member_id' AND type='index'
            UNION ALL
            SELECT sql
            FROM sqlite_temp_master
            WHERE name='index_orders_on_member_id' AND type='index'
[0m
  [1m[35m (0.2ms)[0m  [1m[34m            SELECT sql
            FROM sqlite_master
            WHERE name='index_orders_on_item_id' AND type='index'
            UNION ALL
            SELECT sql
            FROM sqlite_temp_master
            WHERE name='index_orders_on_item_id' AND type='index'
[0m
  [1m[35m (0.1ms)[0m  [1m[34m            SELECT sql
            FROM sqlite_master
            WHERE name='index_users_on_reset_password_token' AND type='index'
            UNION ALL
            SELECT sql
            FROM sqlite_temp_master
            WHERE name='index_users_on_reset_password_token' AND type='index'
[0m
  [1m[35m (0.1ms)[0m  [1m[34m            SELECT sql
            FROM sqlite_master
            WHERE name='index_users_on_email' AND type='index'
            UNION ALL
            SELECT sql
            FROM sqlite_temp_master
            WHERE name='index_users_on_email' AND type='index'
[0m
  [1m[36mActiveRecord::SchemaMigration Load (0.3ms)[0m  [1m[34mSELECT "schema_migrations".* FROM "schema_migrations"[0m
  [1m[35mSQL (2.2ms)[0m  [1m[31mDELETE FROM "users"[0m
  [1m[35m (0.1ms)[0m  [1m[36mbegin transaction[0m
  [1m[36mUser Exists (0.2ms)[0m  [1m[34mSELECT  1 AS one FROM "users" WHERE "users"."email" = ? LIMIT ?[0m  [["email", "demo@demo.com"], ["LIMIT", 1]]
  [1m[35mSQL (0.5ms)[0m  [1m[32mINSERT INTO "users" ("name", "created_at", "updated_at", "email", "encrypted_password") VALUES (?, ?, ?, ?, ?)[0m  [["name", "Zacharias"], ["created_at", 2018-01-13 17:03:39 UTC], ["updated_at", 2018-01-13 17:03:39 UTC], ["email", "demo@demo.com"], ["encrypted_password", "$2a$11$Z2yCprBuFnrIszkrEsdg5eNe0yPwj/XbQ/t1zDJ676GrpWuL7W7xa"]]
  [1m[35m (0.9ms)[0m  [1m[36mcommit transaction[0m
Started GET "/" for ::1 at 2018-01-13 12:03:52 -0500
  [1m[36mActiveRecord::SchemaMigration Load (0.3ms)[0m  [1m[34mSELECT "schema_migrations".* FROM "schema_migrations"[0m
Processing by OrdersController#index as HTML
Completed 401 Unauthorized in 23ms (ActiveRecord: 0.0ms)


Started GET "/users/sign_in" for ::1 at 2018-01-13 12:03:52 -0500
Processing by Devise::SessionsController#new as HTML
  Rendering devise/sessions/new.html.erb within layouts/application
  Rendered devise/sessions/new.html.erb within layouts/application (23.9ms)
  Rendered layouts/_notifications.html.erb (1.1ms)
Completed 200 OK in 6588ms (Views: 6557.2ms | ActiveRecord: 1.8ms)


Started POST "/users/sign_in" for ::1 at 2018-01-13 12:04:32 -0500
Processing by Devise::SessionsController#create as HTML
  Parameters: {"utf8"=>"✓", "authenticity_token"=>"DvGAKrbbD6iM8AtMwqkeErfCpbgceuKSFUpJmcYIWBvJHn9+Vda2I/ntoyK/wy4GQpa2jSxmfxWZ2GC+Hb9dXw==", "user"=>{"email"=>"demo@demo.com", "password"=>"[FILTERED]", "remember_me"=>"0"}, "commit"=>"Log in"}
  [1m[36mUser Load (0.6ms)[0m  [1m[34mSELECT  "users".* FROM "users" WHERE "users"."email" = ? ORDER BY "users"."id" ASC LIMIT ?[0m  [["email", "demo@demo.com"], ["LIMIT", 1]]
  [1m[35m (0.1ms)[0m  [1m[36mbegin transaction[0m
  [1m[35mSQL (0.5ms)[0m  [1m[33mUPDATE "users" SET "current_sign_in_at" = ?, "last_sign_in_at" = ?, "current_sign_in_ip" = ?, "last_sign_in_ip" = ?, "sign_in_count" = ?, "updated_at" = ? WHERE "users"."id" = ?[0m  [["current_sign_in_at", 2018-01-13 17:04:32 UTC], ["last_sign_in_at", 2018-01-13 17:04:32 UTC], ["current_sign_in_ip", "::1"], ["last_sign_in_ip", "::1"], ["sign_in_count", 1], ["updated_at", 2018-01-13 17:04:32 UTC], ["id", 1]]
  [1m[35m (7.5ms)[0m  [1m[36mcommit transaction[0m
Redirected to http://localhost:3000/
Completed 302 Found in 268ms (ActiveRecord: 8.7ms)


Started GET "/" for ::1 at 2018-01-13 12:04:32 -0500
Processing by OrdersController#index as HTML
  [1m[36mUser Load (0.5ms)[0m  [1m[34mSELECT  "users".* FROM "users" WHERE "users"."id" = ? ORDER BY "users"."id" ASC LIMIT ?[0m  [["id", 1], ["LIMIT", 1]]
  Rendering orders/index.html.erb within layouts/application
  Rendered layouts/_header.html.erb (3.3ms)
  [1m[35m (0.6ms)[0m  [1m[34mSELECT SUM("items"."quantity") FROM "items"[0m
  [1m[35m (0.1ms)[0m  [1m[34mSELECT SUM("items"."remaining_quantity") FROM "items"[0m
  [1m[36mCACHE (0.0ms)[0m  [1m[34mSELECT SUM("items"."quantity") FROM "items"[0m
  [1m[36mCACHE (0.0ms)[0m  [1m[34mSELECT SUM("items"."remaining_quantity") FROM "items"[0m
  [1m[35m (0.5ms)[0m  [1m[34mSELECT COUNT(*) FROM "orders" WHERE (expire_at < '2018-01-13') AND "orders"."status" = ?[0m  [["status", true]]
  [1m[35m (0.2ms)[0m  [1m[34mSELECT COUNT(*) FROM "orders" WHERE "orders"."status" = ?[0m  [["status", true]]
  [1m[36mOrder Load (0.2ms)[0m  [1m[34mSELECT "orders".* FROM "orders" WHERE "orders"."status" = ?[0m  [["status", true]]
  [1m[35m (0.7ms)[0m  [1m[34mSELECT COUNT(*) FROM "members"[0m
  [1m[36mMember Load (0.2ms)[0m  [1m[34mSELECT "members".* FROM "members"[0m
  Rendered layouts/_footer.html.erb (0.4ms)
  Rendered orders/index.html.erb within layouts/application (21.9ms)
  Rendered layouts/_notifications.html.erb (3.0ms)
Completed 200 OK in 230ms (Views: 193.6ms | ActiveRecord: 4.0ms)


Started GET "/items" for ::1 at 2018-01-13 12:04:46 -0500
Processing by ItemsController#index as HTML
  [1m[36mUser Load (0.5ms)[0m  [1m[34mSELECT  "users".* FROM "users" WHERE "users"."id" = ? ORDER BY "users"."id" ASC LIMIT ?[0m  [["id", 1], ["LIMIT", 1]]
  Rendering items/index.html.erb within layouts/application
  Rendered layouts/_header.html.erb (3.5ms)
  [1m[36mItem Load (0.9ms)[0m  [1m[34mSELECT "items".* FROM "items"[0m
  Rendered layouts/_footer.html.erb (0.6ms)
  Rendered items/index.html.erb within layouts/application (15.2ms)
  Rendered layouts/_notifications.html.erb (0.9ms)
Completed 200 OK in 188ms (Views: 181.2ms | ActiveRecord: 1.4ms)


Started GET "/items" for ::1 at 2018-01-13 12:05:00 -0500
Processing by ItemsController#index as HTML
  [1m[36mUser Load (0.5ms)[0m  [1m[34mSELECT  "users".* FROM "users" WHERE "users"."id" = ? ORDER BY "users"."id" ASC LIMIT ?[0m  [["id", 1], ["LIMIT", 1]]
  Rendering items/index.html.erb within layouts/application
  Rendered layouts/_header.html.erb (2.9ms)
  [1m[36mItem Load (0.2ms)[0m  [1m[34mSELECT "items".* FROM "items"[0m
  Rendered layouts/_footer.html.erb (0.4ms)
  Rendered items/index.html.erb within layouts/application (11.7ms)
  Rendered layouts/_notifications.html.erb (1.8ms)
Completed 200 OK in 174ms (Views: 168.5ms | ActiveRecord: 0.6ms)


Started GET "/items/new" for ::1 at 2018-01-13 12:05:01 -0500
Processing by ItemsController#new as HTML
  [1m[36mUser Load (0.2ms)[0m  [1m[34mSELECT  "users".* FROM "users" WHERE "users"."id" = ? ORDER BY "users"."id" ASC LIMIT ?[0m  [["id", 1], ["LIMIT", 1]]
  Rendering items/new.html.erb within layouts/application
  Rendered layouts/_header.html.erb (2.6ms)
  Rendered items/new.html.erb within layouts/application (17.6ms)
  Rendered layouts/_notifications.html.erb (1.6ms)
Completed 200 OK in 185ms (Views: 172.1ms | ActiveRecord: 0.6ms)


Started POST "/items" for ::1 at 2018-01-13 12:06:09 -0500
Processing by ItemsController#create as HTML
  Parameters: {"utf8"=>"✓", "authenticity_token"=>"mOMuMwvLsdXw+tyrtFAzpec+NRdnkngbdGYvIZoExN1qdwK5pshndBradhobFc8yiiVzuqgsrgRsHzTMix1DxQ==", "item"=>{"name"=>"Radiator Cooling Fan", "description"=>"This item is in GREAT CONDITION.", "quantity"=>"2", "category"=>"Hardware"}, "commit"=>"Submit"}
  [1m[36mUser Load (0.3ms)[0m  [1m[34mSELECT  "users".* FROM "users" WHERE "users"."id" = ? ORDER BY "users"."id" ASC LIMIT ?[0m  [["id", 1], ["LIMIT", 1]]
  [1m[35m (0.1ms)[0m  [1m[36mbegin transaction[0m
  [1m[35mSQL (0.7ms)[0m  [1m[32mINSERT INTO "items" ("name", "category", "quantity", "description", "created_at", "updated_at", "remaining_quantity") VALUES (?, ?, ?, ?, ?, ?, ?)[0m  [["name", "Radiator Cooling Fan"], ["category", "Hardware"], ["quantity", 2], ["description", "This item is in GREAT CONDITION."], ["created_at", 2018-01-13 17:06:09 UTC], ["updated_at", 2018-01-13 17:06:09 UTC], ["remaining_quantity", 2]]
  [1m[35m (1.1ms)[0m  [1m[36mcommit transaction[0m
Redirected to http://localhost:3000/
Completed 302 Found in 11ms (ActiveRecord: 2.2ms)


Started GET "/" for ::1 at 2018-01-13 12:06:09 -0500
Processing by OrdersController#index as HTML
  [1m[36mUser Load (0.6ms)[0m  [1m[34mSELECT  "users".* FROM "users" WHERE "users"."id" = ? ORDER BY "users"."id" ASC LIMIT ?[0m  [["id", 1], ["LIMIT", 1]]
  Rendering orders/index.html.erb within layouts/application
  Rendered layouts/_header.html.erb (4.0ms)
  [1m[35m (0.3ms)[0m  [1m[34mSELECT SUM("items"."quantity") FROM "items"[0m
  [1m[35m (0.2ms)[0m  [1m[34mSELECT SUM("items"."remaining_quantity") FROM "items"[0m
  [1m[36mCACHE (0.0ms)[0m  [1m[34mSELECT SUM("items"."quantity") FROM "items"[0m
  [1m[36mCACHE (0.0ms)[0m  [1m[34mSELECT SUM("items"."remaining_quantity") FROM "items"[0m
  [1m[35m (0.8ms)[0m  [1m[34mSELECT COUNT(*) FROM "orders" WHERE (expire_at < '2018-01-13') AND "orders"."status" = ?[0m  [["status", true]]
  [1m[35m (0.3ms)[0m  [1m[34mSELECT COUNT(*) FROM "orders" WHERE "orders"."status" = ?[0m  [["status", true]]
  [1m[36mOrder Load (0.4ms)[0m  [1m[34mSELECT "orders".* FROM "orders" WHERE "orders"."status" = ?[0m  [["status", true]]
  [1m[35m (0.7ms)[0m  [1m[34mSELECT COUNT(*) FROM "members"[0m
  [1m[36mMember Load (0.2ms)[0m  [1m[34mSELECT "members".* FROM "members"[0m
  Rendered layouts/_footer.html.erb (0.3ms)
  Rendered orders/index.html.erb within layouts/application (26.1ms)
  Rendered layouts/_notifications.html.erb (9.8ms)
Completed 200 OK in 199ms (Views: 188.3ms | ActiveRecord: 3.5ms)


Started GET "/items" for ::1 at 2018-01-13 12:06:12 -0500
Processing by ItemsController#index as HTML
  [1m[36mUser Load (0.4ms)[0m  [1m[34mSELECT  "users".* FROM "users" WHERE "users"."id" = ? ORDER BY "users"."id" ASC LIMIT ?[0m  [["id", 1], ["LIMIT", 1]]
  Rendering items/index.html.erb within layouts/application
  Rendered layouts/_header.html.erb (2.3ms)
  [1m[36mItem Load (0.2ms)[0m  [1m[34mSELECT "items".* FROM "items"[0m
  Rendered layouts/_footer.html.erb (0.3ms)
  Rendered items/index.html.erb within layouts/application (9.8ms)
  Rendered layouts/_notifications.html.erb (1.7ms)
Completed 200 OK in 168ms (Views: 156.5ms | ActiveRecord: 0.6ms)


Started GET "/" for ::1 at 2018-01-13 12:06:47 -0500
Processing by OrdersController#index as HTML
  [1m[36mUser Load (0.3ms)[0m  [1m[34mSELECT  "users".* FROM "users" WHERE "users"."id" = ? ORDER BY "users"."id" ASC LIMIT ?[0m  [["id", 1], ["LIMIT", 1]]
  Rendering orders/index.html.erb within layouts/application
  Rendered layouts/_header.html.erb (2.3ms)
  [1m[35m (0.3ms)[0m  [1m[34mSELECT SUM("items"."quantity") FROM "items"[0m
  [1m[35m (0.1ms)[0m  [1m[34mSELECT SUM("items"."remaining_quantity") FROM "items"[0m
  [1m[36mCACHE (0.0ms)[0m  [1m[34mSELECT SUM("items"."quantity") FROM "items"[0m
  [1m[36mCACHE (0.0ms)[0m  [1m[34mSELECT SUM("items"."remaining_quantity") FROM "items"[0m
  [1m[35m (0.7ms)[0m  [1m[34mSELECT COUNT(*) FROM "orders" WHERE (expire_at < '2018-01-13') AND "orders"."status" = ?[0m  [["status", true]]
  [1m[35m (0.2ms)[0m  [1m[34mSELECT COUNT(*) FROM "orders" WHERE "orders"."status" = ?[0m  [["status", true]]
  [1m[36mOrder Load (0.2ms)[0m  [1m[34mSELECT "orders".* FROM "orders" WHERE "orders"."status" = ?[0m  [["status", true]]
  [1m[35m (0.5ms)[0m  [1m[34mSELECT COUNT(*) FROM "members"[0m
  [1m[36mMember Load (0.1ms)[0m  [1m[34mSELECT "members".* FROM "members"[0m
  Rendered layouts/_footer.html.erb (0.3ms)
  Rendered orders/index.html.erb within layouts/application (16.4ms)
  Rendered layouts/_notifications.html.erb (1.1ms)
Completed 200 OK in 153ms (Views: 146.0ms | ActiveRecord: 2.4ms)


Started GET "/members/new" for ::1 at 2018-01-13 12:06:54 -0500
Processing by MembersController#new as HTML
  [1m[36mUser Load (0.2ms)[0m  [1m[34mSELECT  "users".* FROM "users" WHERE "users"."id" = ? ORDER BY "users"."id" ASC LIMIT ?[0m  [["id", 1], ["LIMIT", 1]]
  Rendering members/new.html.erb within layouts/application
  Rendered layouts/_header.html.erb (2.5ms)
  Rendered layouts/_footer.html.erb (0.3ms)
  Rendered members/new.html.erb within layouts/application (11.2ms)
  Rendered layouts/_notifications.html.erb (1.1ms)
Completed 200 OK in 165ms (Views: 149.0ms | ActiveRecord: 0.5ms)


Started GET "/users/1/edit" for ::1 at 2018-01-13 12:06:58 -0500
Processing by UsersController#edit as HTML
  Parameters: {"id"=>"1"}
  [1m[36mUser Load (0.2ms)[0m  [1m[34mSELECT  "users".* FROM "users" WHERE "users"."id" = ? ORDER BY "users"."id" ASC LIMIT ?[0m  [["id", 1], ["LIMIT", 1]]
  [1m[36mUser Load (0.2ms)[0m  [1m[34mSELECT  "users".* FROM "users" WHERE "users"."id" = 1 LIMIT ?[0m  [["LIMIT", 1]]
  Rendering users/edit.html.erb within layouts/application
  Rendered layouts/_header.html.erb (2.3ms)
  Rendered layouts/_footer.html.erb (0.7ms)
  Rendered users/edit.html.erb within layouts/application (11.6ms)
  Rendered layouts/_notifications.html.erb (1.4ms)
Completed 200 OK in 153ms (Views: 146.2ms | ActiveRecord: 0.4ms)


Started PATCH "/users/1" for ::1 at 2018-01-13 12:07:24 -0500
Processing by UsersController#update as HTML
  Parameters: {"utf8"=>"✓", "authenticity_token"=>"in2Xp+orXJwrFhwDbdahFGmTmWi9kVrgLhc6odE+hXF46bstRyiKPcE2trLCk12DBIjfxXIvjP82biFMwCcCaQ==", "user"=>{"name"=>"Skylar", "email"=>"skycodedev@gmail.com", "password"=>"[FILTERED]", "password_confirmation"=>"[FILTERED]"}, "commit"=>"Submit", "id"=>"1"}
  [1m[36mUser Load (0.5ms)[0m  [1m[34mSELECT  "users".* FROM "users" WHERE "users"."id" = ? ORDER BY "users"."id" ASC LIMIT ?[0m  [["id", 1], ["LIMIT", 1]]
  [1m[36mUser Load (0.3ms)[0m  [1m[34mSELECT  "users".* FROM "users" WHERE "users"."id" = 1 LIMIT ?[0m  [["LIMIT", 1]]
  [1m[35m (0.1ms)[0m  [1m[36mbegin transaction[0m
  [1m[36mUser Exists (0.2ms)[0m  [1m[34mSELECT  1 AS one FROM "users" WHERE "users"."email" = ? AND ("users"."id" != ?) LIMIT ?[0m  [["email", "skycodedev@gmail.com"], ["id", 1], ["LIMIT", 1]]
  [1m[35mSQL (0.5ms)[0m  [1m[33mUPDATE "users" SET "name" = ?, "email" = ?, "encrypted_password" = ?, "updated_at" = ? WHERE "users"."id" = ?[0m  [["name", "Skylar"], ["email", "skycodedev@gmail.com"], ["encrypted_password", "$2a$11$uD7uVvrHzMuwsxj7TyCb4e2ajAhfAme8jL7M6RuV1paY7uC9hL.KS"], ["updated_at", 2018-01-13 17:07:24 UTC], ["id", 1]]
  [1m[35m (1.5ms)[0m  [1m[36mcommit transaction[0m
Redirected to http://localhost:3000/
Completed 302 Found in 223ms (ActiveRecord: 3.1ms)


Started GET "/" for ::1 at 2018-01-13 12:07:24 -0500
Processing by OrdersController#index as HTML
  [1m[36mUser Load (0.3ms)[0m  [1m[34mSELECT  "users".* FROM "users" WHERE "users"."id" = ? ORDER BY "users"."id" ASC LIMIT ?[0m  [["id", 1], ["LIMIT", 1]]
Completed 401 Unauthorized in 2ms (ActiveRecord: 0.3ms)


Started GET "/users/sign_in" for ::1 at 2018-01-13 12:07:24 -0500
Processing by Devise::SessionsController#new as HTML
  Rendering devise/sessions/new.html.erb within layouts/application
  Rendered devise/sessions/new.html.erb within layouts/application (1.8ms)
  Rendered layouts/_notifications.html.erb (0.6ms)
Completed 200 OK in 128ms (Views: 126.7ms | ActiveRecord: 0.0ms)


Started POST "/users/sign_in" for ::1 at 2018-01-13 12:07:35 -0500
Processing by Devise::SessionsController#create as HTML
  Parameters: {"utf8"=>"✓", "authenticity_token"=>"8mZeNF69EAva7lGkM6xA1SodTYN19FioDL1VKcxgjN4A8nK+877GqjDO+xWc6bxCRwYLLrpKjrcUxE7E3XkLxg==", "user"=>{"email"=>"skycodedev@gmail.com", "password"=>"[FILTERED]", "remember_me"=>"1"}, "commit"=>"Log in"}
  [1m[36mUser Load (0.3ms)[0m  [1m[34mSELECT  "users".* FROM "users" WHERE "users"."email" = ? ORDER BY "users"."id" ASC LIMIT ?[0m  [["email", "skycodedev@gmail.com"], ["LIMIT", 1]]
Completed 401 Unauthorized in 194ms (ActiveRecord: 0.3ms)


Processing by Devise::SessionsController#new as HTML
  Parameters: {"utf8"=>"✓", "authenticity_token"=>"8mZeNF69EAva7lGkM6xA1SodTYN19FioDL1VKcxgjN4A8nK+877GqjDO+xWc6bxCRwYLLrpKjrcUxE7E3XkLxg==", "user"=>{"email"=>"skycodedev@gmail.com", "password"=>"[FILTERED]", "remember_me"=>"1"}, "commit"=>"Log in"}
  Rendering devise/sessions/new.html.erb within layouts/application
  Rendered devise/sessions/new.html.erb within layouts/application (1.7ms)
  Rendered layouts/_notifications.html.erb (0.6ms)
Completed 200 OK in 319ms (Views: 116.8ms | ActiveRecord: 0.0ms)


Started POST "/users/sign_in" for ::1 at 2018-01-13 12:07:45 -0500
Processing by Devise::SessionsController#create as HTML
  Parameters: {"utf8"=>"✓", "authenticity_token"=>"6LHBZAaZ/pkv64xKpxuOfYLDOg/pQu7WSx8iQFSq8zMaJe3uq5ooOMXLJvsIXnLq79h8oib8OMlTZjmtRbN0Kw==", "user"=>{"email"=>"skycodedev@gmail.com", "password"=>"[FILTERED]", "remember_me"=>"1"}, "commit"=>"Log in"}
  [1m[36mUser Load (0.3ms)[0m  [1m[34mSELECT  "users".* FROM "users" WHERE "users"."email" = ? ORDER BY "users"."id" ASC LIMIT ?[0m  [["email", "skycodedev@gmail.com"], ["LIMIT", 1]]
  [1m[35m (0.1ms)[0m  [1m[36mbegin transaction[0m
  [1m[35mSQL (0.6ms)[0m  [1m[33mUPDATE "users" SET "remember_created_at" = ?, "updated_at" = ? WHERE "users"."id" = ?[0m  [["remember_created_at", 2018-01-13 17:07:45 UTC], ["updated_at", 2018-01-13 17:07:45 UTC], ["id", 1]]
  [1m[35m (1.8ms)[0m  [1m[36mcommit transaction[0m
  [1m[35m (0.1ms)[0m  [1m[36mbegin transaction[0m
  [1m[35mSQL (0.4ms)[0m  [1m[33mUPDATE "users" SET "updated_at" = ?, "sign_in_count" = ?, "current_sign_in_at" = ? WHERE "users"."id" = ?[0m  [["updated_at", 2018-01-13 17:07:45 UTC], ["sign_in_count", 2], ["current_sign_in_at", 2018-01-13 17:07:45 UTC], ["id", 1]]
  [1m[35m (0.9ms)[0m  [1m[36mcommit transaction[0m
Redirected to http://localhost:3000/
Completed 302 Found in 228ms (ActiveRecord: 4.3ms)


Started GET "/" for ::1 at 2018-01-13 12:07:45 -0500
Processing by OrdersController#index as HTML
  [1m[36mUser Load (0.2ms)[0m  [1m[34mSELECT  "users".* FROM "users" WHERE "users"."id" = ? ORDER BY "users"."id" ASC LIMIT ?[0m  [["id", 1], ["LIMIT", 1]]
  Rendering orders/index.html.erb within layouts/application
  Rendered layouts/_header.html.erb (3.0ms)
  [1m[35m (0.2ms)[0m  [1m[34mSELECT SUM("items"."quantity") FROM "items"[0m
  [1m[35m (0.1ms)[0m  [1m[34mSELECT SUM("items"."remaining_quantity") FROM "items"[0m
  [1m[36mCACHE (0.0ms)[0m  [1m[34mSELECT SUM("items"."quantity") FROM "items"[0m
  [1m[36mCACHE (0.0ms)[0m  [1m[34mSELECT SUM("items"."remaining_quantity") FROM "items"[0m
  [1m[35m (0.6ms)[0m  [1m[34mSELECT COUNT(*) FROM "orders" WHERE (expire_at < '2018-01-13') AND "orders"."status" = ?[0m  [["status", true]]
  [1m[35m (0.1ms)[0m  [1m[34mSELECT COUNT(*) FROM "orders" WHERE "orders"."status" = ?[0m  [["status", true]]
  [1m[36mOrder Load (0.1ms)[0m  [1m[34mSELECT "orders".* FROM "orders" WHERE "orders"."status" = ?[0m  [["status", true]]
  [1m[35m (0.5ms)[0m  [1m[34mSELECT COUNT(*) FROM "members"[0m
  [1m[36mMember Load (0.1ms)[0m  [1m[34mSELECT "members".* FROM "members"[0m
  Rendered layouts/_footer.html.erb (0.4ms)
  Rendered orders/index.html.erb within layouts/application (17.1ms)
  Rendered layouts/_notifications.html.erb (0.6ms)
Completed 200 OK in 147ms (Views: 139.3ms | ActiveRecord: 2.0ms)


Started GET "/members/new" for ::1 at 2018-01-13 12:07:51 -0500
Processing by MembersController#new as HTML
  [1m[36mUser Load (0.2ms)[0m  [1m[34mSELECT  "users".* FROM "users" WHERE "users"."id" = ? ORDER BY "users"."id" ASC LIMIT ?[0m  [["id", 1], ["LIMIT", 1]]
  Rendering members/new.html.erb within layouts/application
  Rendered layouts/_header.html.erb (3.9ms)
  Rendered layouts/_footer.html.erb (0.5ms)
  Rendered members/new.html.erb within layouts/application (12.8ms)
  Rendered layouts/_notifications.html.erb (0.6ms)
Completed 200 OK in 122ms (Views: 115.6ms | ActiveRecord: 0.2ms)


Started POST "/members" for ::1 at 2018-01-13 12:08:37 -0500
Processing by MembersController#create as HTML
  Parameters: {"utf8"=>"✓", "authenticity_token"=>"3BGxNSTWbdDivKNLK8NZUG3ZhYyFOjPICNzy7d9P0nc6tMcSqVlgVBZzCgWv1deCUB9ZWxlhYl11f5+J6q9iGQ==", "member"=>{"name"=>"James Smyntyna", "email"=>"jms.smyntyna@gmail.com", "phone"=>"6785172167"}, "commit"=>"Submit"}
  [1m[36mUser Load (0.3ms)[0m  [1m[34mSELECT  "users".* FROM "users" WHERE "users"."id" = ? ORDER BY "users"."id" ASC LIMIT ?[0m  [["id", 1], ["LIMIT", 1]]
  [1m[35m (0.1ms)[0m  [1m[36mbegin transaction[0m
  [1m[35mSQL (0.9ms)[0m  [1m[32mINSERT INTO "members" ("name", "email", "phone", "created_at", "updated_at") VALUES (?, ?, ?, ?, ?)[0m  [["name", "James Smyntyna"], ["email", "jms.smyntyna@gmail.com"], ["phone", "6785172167"], ["created_at", 2018-01-13 17:08:37 UTC], ["updated_at", 2018-01-13 17:08:37 UTC]]
  [1m[35m (1.7ms)[0m  [1m[36mcommit transaction[0m
Redirected to http://localhost:3000/
Completed 302 Found in 9ms (ActiveRecord: 2.9ms)


Started GET "/" for ::1 at 2018-01-13 12:08:37 -0500
Processing by OrdersController#index as HTML
  [1m[36mUser Load (0.4ms)[0m  [1m[34mSELECT  "users".* FROM "users" WHERE "users"."id" = ? ORDER BY "users"."id" ASC LIMIT ?[0m  [["id", 1], ["LIMIT", 1]]
  Rendering orders/index.html.erb within layouts/application
  Rendered layouts/_header.html.erb (4.7ms)
  [1m[35m (0.3ms)[0m  [1m[34mSELECT SUM("items"."quantity") FROM "items"[0m
  [1m[35m (0.2ms)[0m  [1m[34mSELECT SUM("items"."remaining_quantity") FROM "items"[0m
  [1m[36mCACHE (0.0ms)[0m  [1m[34mSELECT SUM("items"."quantity") FROM "items"[0m
  [1m[36mCACHE (0.0ms)[0m  [1m[34mSELECT SUM("items"."remaining_quantity") FROM "items"[0m
  [1m[35m (0.8ms)[0m  [1m[34mSELECT COUNT(*) FROM "orders" WHERE (expire_at < '2018-01-13') AND "orders"."status" = ?[0m  [["status", true]]
  [1m[35m (0.2ms)[0m  [1m[34mSELECT COUNT(*) FROM "orders" WHERE "orders"."status" = ?[0m  [["status", true]]
  [1m[36mOrder Load (0.3ms)[0m  [1m[34mSELECT "orders".* FROM "orders" WHERE "orders"."status" = ?[0m  [["status", true]]
  [1m[35m (0.2ms)[0m  [1m[34mSELECT COUNT(*) FROM "members"[0m
  [1m[36mMember Load (0.2ms)[0m  [1m[34mSELECT "members".* FROM "members"[0m
  Rendered layouts/_footer.html.erb (0.6ms)
  Rendered orders/index.html.erb within layouts/application (23.8ms)
  Rendered layouts/_notifications.html.erb (0.6ms)
Completed 200 OK in 134ms (Views: 125.1ms | ActiveRecord: 2.6ms)


Started GET "/members/new" for ::1 at 2018-01-13 12:08:45 -0500
Processing by MembersController#new as HTML
  [1m[36mUser Load (0.2ms)[0m  [1m[34mSELECT  "users".* FROM "users" WHERE "users"."id" = ? ORDER BY "users"."id" ASC LIMIT ?[0m  [["id", 1], ["LIMIT", 1]]
  Rendering members/new.html.erb within layouts/application
  Rendered layouts/_header.html.erb (2.5ms)
  Rendered layouts/_footer.html.erb (0.4ms)
  Rendered members/new.html.erb within layouts/application (10.8ms)
  Rendered layouts/_notifications.html.erb (0.9ms)
Completed 200 OK in 120ms (Views: 115.5ms | ActiveRecord: 0.2ms)


Started GET "/" for ::1 at 2018-01-13 12:08:47 -0500
Processing by OrdersController#index as HTML
  [1m[36mUser Load (0.3ms)[0m  [1m[34mSELECT  "users".* FROM "users" WHERE "users"."id" = ? ORDER BY "users"."id" ASC LIMIT ?[0m  [["id", 1], ["LIMIT", 1]]
  Rendering orders/index.html.erb within layouts/application
  Rendered layouts/_header.html.erb (2.3ms)
  [1m[35m (0.2ms)[0m  [1m[34mSELECT SUM("items"."quantity") FROM "items"[0m
  [1m[35m (0.1ms)[0m  [1m[34mSELECT SUM("items"."remaining_quantity") FROM "items"[0m
  [1m[36mCACHE (0.0ms)[0m  [1m[34mSELECT SUM("items"."quantity") FROM "items"[0m
  [1m[36mCACHE (0.0ms)[0m  [1m[34mSELECT SUM("items"."remaining_quantity") FROM "items"[0m
  [1m[35m (0.5ms)[0m  [1m[34mSELECT COUNT(*) FROM "orders" WHERE (expire_at < '2018-01-13') AND "orders"."status" = ?[0m  [["status", true]]
  [1m[35m (0.1ms)[0m  [1m[34mSELECT COUNT(*) FROM "orders" WHERE "orders"."status" = ?[0m  [["status", true]]
  [1m[36mOrder Load (0.1ms)[0m  [1m[34mSELECT "orders".* FROM "orders" WHERE "orders"."status" = ?[0m  [["status", true]]
  [1m[35m (0.2ms)[0m  [1m[34mSELECT COUNT(*) FROM "members"[0m
  [1m[36mMember Load (0.1ms)[0m  [1m[34mSELECT "members".* FROM "members"[0m
  Rendered layouts/_footer.html.erb (0.4ms)
  Rendered orders/index.html.erb within layouts/application (14.8ms)
  Rendered layouts/_notifications.html.erb (0.6ms)
Completed 200 OK in 152ms (Views: 144.6ms | ActiveRecord: 1.7ms)


Started GET "/members/1/edit" for ::1 at 2018-01-13 12:08:51 -0500
Processing by MembersController#edit as HTML
  Parameters: {"id"=>"1"}
  [1m[36mUser Load (0.3ms)[0m  [1m[34mSELECT  "users".* FROM "users" WHERE "users"."id" = ? ORDER BY "users"."id" ASC LIMIT ?[0m  [["id", 1], ["LIMIT", 1]]
  [1m[36mMember Load (0.4ms)[0m  [1m[34mSELECT  "members".* FROM "members" WHERE "members"."id" = ? LIMIT ?[0m  [["id", 1], ["LIMIT", 1]]
  Rendering members/edit.html.erb within layouts/application
  Rendered layouts/_header.html.erb (2.6ms)
  Rendered layouts/_footer.html.erb (0.3ms)
  Rendered members/edit.html.erb within layouts/application (11.4ms)
  Rendered layouts/_notifications.html.erb (0.6ms)
Completed 200 OK in 138ms (Views: 118.2ms | ActiveRecord: 0.7ms)


Started PATCH "/members/1" for ::1 at 2018-01-13 12:08:53 -0500
Processing by MembersController#update as HTML
  Parameters: {"utf8"=>"✓", "authenticity_token"=>"oc+pDSIHNFq3m1qQaHqPlEflKCL8rwd2iNrJxs2qeF1Hat8qr4g53kNU897sbAFGeiP09WD0VuP1eaSi+ErIMw==", "member"=>{"name"=>"James Smyntyna", "email"=>"jms.smyntyna@gmail.com", "phone"=>"6785172167"}, "commit"=>"Submit", "id"=>"1"}
  [1m[36mUser Load (0.4ms)[0m  [1m[34mSELECT  "users".* FROM "users" WHERE "users"."id" = ? ORDER BY "users"."id" ASC LIMIT ?[0m  [["id", 1], ["LIMIT", 1]]
  [1m[36mMember Load (0.5ms)[0m  [1m[34mSELECT  "members".* FROM "members" WHERE "members"."id" = ? LIMIT ?[0m  [["id", 1], ["LIMIT", 1]]
  [1m[35m (0.2ms)[0m  [1m[36mbegin transaction[0m
  [1m[35m (0.1ms)[0m  [1m[36mcommit transaction[0m
Redirected to http://localhost:3000/
Completed 302 Found in 8ms (ActiveRecord: 1.1ms)


Started GET "/" for ::1 at 2018-01-13 12:08:53 -0500
Processing by OrdersController#index as HTML
  [1m[36mUser Load (0.2ms)[0m  [1m[34mSELECT  "users".* FROM "users" WHERE "users"."id" = ? ORDER BY "users"."id" ASC LIMIT ?[0m  [["id", 1], ["LIMIT", 1]]
  Rendering orders/index.html.erb within layouts/application
  Rendered layouts/_header.html.erb (3.4ms)
  [1m[35m (0.3ms)[0m  [1m[34mSELECT SUM("items"."quantity") FROM "items"[0m
  [1m[35m (0.2ms)[0m  [1m[34mSELECT SUM("items"."remaining_quantity") FROM "items"[0m
  [1m[36mCACHE (0.0ms)[0m  [1m[34mSELECT SUM("items"."quantity") FROM "items"[0m
  [1m[36mCACHE (0.0ms)[0m  [1m[34mSELECT SUM("items"."remaining_quantity") FROM "items"[0m
  [1m[35m (0.2ms)[0m  [1m[34mSELECT COUNT(*) FROM "orders" WHERE (expire_at < '2018-01-13') AND "orders"."status" = ?[0m  [["status", true]]
  [1m[35m (0.2ms)[0m  [1m[34mSELECT COUNT(*) FROM "orders" WHERE "orders"."status" = ?[0m  [["status", true]]
  [1m[36mOrder Load (0.2ms)[0m  [1m[34mSELECT "orders".* FROM "orders" WHERE "orders"."status" = ?[0m  [["status", true]]
  [1m[35m (0.1ms)[0m  [1m[34mSELECT COUNT(*) FROM "members"[0m
  [1m[36mMember Load (0.2ms)[0m  [1m[34mSELECT "members".* FROM "members"[0m
  Rendered layouts/_footer.html.erb (0.4ms)
  Rendered orders/index.html.erb within layouts/application (18.4ms)
  Rendered layouts/_notifications.html.erb (0.7ms)
Completed 200 OK in 132ms (Views: 126.2ms | ActiveRecord: 1.5ms)


Started DELETE "/users/sign_out" for ::1 at 2018-01-13 12:08:59 -0500
Processing by Devise::SessionsController#destroy as HTML
  Parameters: {"authenticity_token"=>"onb6rj3Npu/X1aEGRKCoURRA6IjyRlWq/BCnm/Ozq49E04yJsEKrayMaCEjAtiaDKYY0X24dBD+Bs8r/xlMb4Q=="}
  [1m[36mUser Load (0.2ms)[0m  [1m[34mSELECT  "users".* FROM "users" WHERE "users"."id" = ? ORDER BY "users"."id" ASC LIMIT ?[0m  [["id", 1], ["LIMIT", 1]]
  [1m[35m (0.0ms)[0m  [1m[36mbegin transaction[0m
  [1m[35mSQL (0.4ms)[0m  [1m[33mUPDATE "users" SET "remember_created_at" = ?, "updated_at" = ? WHERE "users"."id" = ?[0m  [["remember_created_at", nil], ["updated_at", 2018-01-13 17:08:59 UTC], ["id", 1]]
  [1m[35m (1.7ms)[0m  [1m[36mcommit transaction[0m
Redirected to http://localhost:3000/
Completed 302 Found in 9ms (ActiveRecord: 2.4ms)


Started GET "/" for ::1 at 2018-01-13 12:08:59 -0500
Processing by OrdersController#index as HTML
Completed 401 Unauthorized in 1ms (ActiveRecord: 0.0ms)


Started GET "/users/sign_in" for ::1 at 2018-01-13 12:08:59 -0500
Processing by Devise::SessionsController#new as HTML
  Rendering devise/sessions/new.html.erb within layouts/application
  Rendered devise/sessions/new.html.erb within layouts/application (3.6ms)
  Rendered layouts/_notifications.html.erb (0.7ms)
Completed 200 OK in 124ms (Views: 123.3ms | ActiveRecord: 0.0ms)


Started POST "/users/sign_in" for ::1 at 2018-01-13 12:09:10 -0500
Processing by Devise::SessionsController#create as HTML
  Parameters: {"utf8"=>"✓", "authenticity_token"=>"9mLJ4oUHLX3SOPkrn+Adz3jCQ988jSbgcYPzdrxjSxhn3oeYyCdurnlOuTIAKJBkwxs7ikZdH+on/S/wt9Bitw==", "user"=>{"email"=>"skycodedev@gmail.com", "password"=>"[FILTERED]", "remember_me"=>"0"}, "commit"=>"Log in"}
  [1m[36mUser Load (0.4ms)[0m  [1m[34mSELECT  "users".* FROM "users" WHERE "users"."email" = ? ORDER BY "users"."id" ASC LIMIT ?[0m  [["email", "skycodedev@gmail.com"], ["LIMIT", 1]]
Completed 401 Unauthorized in 201ms (ActiveRecord: 0.4ms)


Processing by Devise::SessionsController#new as HTML
  Parameters: {"utf8"=>"✓", "authenticity_token"=>"9mLJ4oUHLX3SOPkrn+Adz3jCQ988jSbgcYPzdrxjSxhn3oeYyCdurnlOuTIAKJBkwxs7ikZdH+on/S/wt9Bitw==", "user"=>{"email"=>"skycodedev@gmail.com", "password"=>"[FILTERED]", "remember_me"=>"0"}, "commit"=>"Log in"}
  Rendering devise/sessions/new.html.erb within layouts/application
  Rendered devise/sessions/new.html.erb within layouts/application (2.6ms)
  Rendered layouts/_notifications.html.erb (0.8ms)
Completed 200 OK in 316ms (Views: 123.2ms | ActiveRecord: 0.0ms)


Started POST "/users/sign_in" for ::1 at 2018-01-13 12:09:27 -0500
Processing by Devise::SessionsController#create as HTML
  Parameters: {"utf8"=>"✓", "authenticity_token"=>"ap4hBJL2JbH6I9ebstu64PYPtV8MmR2mOi6ZiFBfZc37Im9+39ZmYlFVl4ItEzdLTdbNCnZJJKxsUEUOW+xMYg==", "user"=>{"email"=>"skycodedev@gmail.com", "password"=>"[FILTERED]", "remember_me"=>"0"}, "commit"=>"Log in"}
  [1m[36mUser Load (0.3ms)[0m  [1m[34mSELECT  "users".* FROM "users" WHERE "users"."email" = ? ORDER BY "users"."id" ASC LIMIT ?[0m  [["email", "skycodedev@gmail.com"], ["LIMIT", 1]]
  [1m[35m (0.1ms)[0m  [1m[36mbegin transaction[0m
  [1m[35mSQL (0.4ms)[0m  [1m[33mUPDATE "users" SET "current_sign_in_at" = ?, "last_sign_in_at" = ?, "sign_in_count" = ?, "updated_at" = ? WHERE "users"."id" = ?[0m  [["current_sign_in_at", 2018-01-13 17:09:27 UTC], ["last_sign_in_at", 2018-01-13 17:07:45 UTC], ["sign_in_count", 3], ["updated_at", 2018-01-13 17:09:27 UTC], ["id", 1]]
  [1m[35m (6.8ms)[0m  [1m[36mcommit transaction[0m
Redirected to http://localhost:3000/
Completed 302 Found in 226ms (ActiveRecord: 7.5ms)


Started GET "/" for ::1 at 2018-01-13 12:09:27 -0500
Processing by OrdersController#index as HTML
  [1m[36mUser Load (0.3ms)[0m  [1m[34mSELECT  "users".* FROM "users" WHERE "users"."id" = ? ORDER BY "users"."id" ASC LIMIT ?[0m  [["id", 1], ["LIMIT", 1]]
  Rendering orders/index.html.erb within layouts/application
  Rendered layouts/_header.html.erb (2.4ms)
  [1m[35m (0.2ms)[0m  [1m[34mSELECT SUM("items"."quantity") FROM "items"[0m
  [1m[35m (0.2ms)[0m  [1m[34mSELECT SUM("items"."remaining_quantity") FROM "items"[0m
  [1m[36mCACHE (0.0ms)[0m  [1m[34mSELECT SUM("items"."quantity") FROM "items"[0m
  [1m[36mCACHE (0.0ms)[0m  [1m[34mSELECT SUM("items"."remaining_quantity") FROM "items"[0m
  [1m[35m (1.0ms)[0m  [1m[34mSELECT COUNT(*) FROM "orders" WHERE (expire_at < '2018-01-13') AND "orders"."status" = ?[0m  [["status", true]]
  [1m[35m (0.2ms)[0m  [1m[34mSELECT COUNT(*) FROM "orders" WHERE "orders"."status" = ?[0m  [["status", true]]
  [1m[36mOrder Load (0.1ms)[0m  [1m[34mSELECT "orders".* FROM "orders" WHERE "orders"."status" = ?[0m  [["status", true]]
  [1m[35m (0.1ms)[0m  [1m[34mSELECT COUNT(*) FROM "members"[0m
  [1m[36mMember Load (0.1ms)[0m  [1m[34mSELECT "members".* FROM "members"[0m
  Rendered layouts/_footer.html.erb (0.4ms)
  Rendered orders/index.html.erb within layouts/application (16.7ms)
  Rendered layouts/_notifications.html.erb (0.7ms)
Completed 200 OK in 132ms (Views: 125.9ms | ActiveRecord: 2.2ms)


  [1m[36mActiveRecord::SchemaMigration Load (0.2ms)[0m  [1m[34mSELECT "schema_migrations".* FROM "schema_migrations"[0m
  [1m[35mSQL (1.5ms)[0m  [1m[31mDELETE FROM "users"[0m
  [1m[35m (0.1ms)[0m  [1m[36mbegin transaction[0m
  [1m[36mUser Exists (0.2ms)[0m  [1m[34mSELECT  1 AS one FROM "users" WHERE "users"."email" = ? LIMIT ?[0m  [["email", "skycodedev@gmail.com"], ["LIMIT", 1]]
  [1m[35mSQL (1.0ms)[0m  [1m[32mINSERT INTO "users" ("name", "created_at", "updated_at", "email", "encrypted_password") VALUES (?, ?, ?, ?, ?)[0m  [["name", "Skylar Youmans"], ["created_at", 2018-01-13 17:12:17 UTC], ["updated_at", 2018-01-13 17:12:17 UTC], ["email", "skycodedev@gmail.com"], ["encrypted_password", "$2a$11$sWdcu1jnxtO.tyM81p63M.Aov5Y5nNlMpKQTL8KaFi62LFtCMnrtS"]]
  [1m[35m (1.8ms)[0m  [1m[36mcommit transaction[0m
  [1m[35m (0.1ms)[0m  [1m[36mbegin transaction[0m
  [1m[36mUser Exists (0.2ms)[0m  [1m[34mSELECT  1 AS one FROM "users" WHERE "users"."email" = ? LIMIT ?[0m  [["email", "jms.smyntyna@gmail.com"], ["LIMIT", 1]]
  [1m[35mSQL (0.5ms)[0m  [1m[32mINSERT INTO "users" ("name", "created_at", "updated_at", "email", "encrypted_password") VALUES (?, ?, ?, ?, ?)[0m  [["name", "James Smyntyna"], ["created_at", 2018-01-13 17:12:17 UTC], ["updated_at", 2018-01-13 17:12:17 UTC], ["email", "jms.smyntyna@gmail.com"], ["encrypted_password", "$2a$11$PlNs8jigc/K91EfDYey5VOARj4hYH2RWHzR3a.0p/SFbpX9O8d/6G"]]
  [1m[35m (7.9ms)[0m  [1m[36mcommit transaction[0m
Started GET "/users/sign_out" for ::1 at 2018-01-13 12:12:46 -0500
  [1m[36mActiveRecord::SchemaMigration Load (0.2ms)[0m  [1m[34mSELECT "schema_migrations".* FROM "schema_migrations"[0m
  
AbstractController::ActionNotFound (The action 'show' could not be found for UsersController):
  
actionpack (5.0.2) lib/abstract_controller/base.rb:121:in `process'
actionview (5.0.2) lib/action_view/rendering.rb:30:in `process'
actionpack (5.0.2) lib/action_controller/metal.rb:190:in `dispatch'
actionpack (5.0.2) lib/action_controller/metal.rb:262:in `dispatch'
actionpack (5.0.2) lib/action_dispatch/routing/route_set.rb:50:in `dispatch'
actionpack (5.0.2) lib/action_dispatch/routing/route_set.rb:32:in `serve'
actionpack (5.0.2) lib/action_dispatch/journey/router.rb:39:in `block in serve'
actionpack (5.0.2) lib/action_dispatch/journey/router.rb:26:in `each'
actionpack (5.0.2) lib/action_dispatch/journey/router.rb:26:in `serve'
actionpack (5.0.2) lib/action_dispatch/routing/route_set.rb:725:in `call'
warden (1.2.6) lib/warden/manager.rb:35:in `block in call'
warden (1.2.6) lib/warden/manager.rb:34:in `catch'
warden (1.2.6) lib/warden/manager.rb:34:in `call'
rack (2.0.1) lib/rack/etag.rb:25:in `call'
rack (2.0.1) lib/rack/conditional_get.rb:25:in `call'
rack (2.0.1) lib/rack/head.rb:12:in `call'
rack (2.0.1) lib/rack/session/abstract/id.rb:222:in `context'
rack (2.0.1) lib/rack/session/abstract/id.rb:216:in `call'
actionpack (5.0.2) lib/action_dispatch/middleware/cookies.rb:613:in `call'
activerecord (5.0.2) lib/active_record/migration.rb:553:in `call'
actionpack (5.0.2) lib/action_dispatch/middleware/callbacks.rb:38:in `block in call'
activesupport (5.0.2) lib/active_support/callbacks.rb:97:in `__run_callbacks__'
activesupport (5.0.2) lib/active_support/callbacks.rb:750:in `_run_call_callbacks'
activesupport (5.0.2) lib/active_support/callbacks.rb:90:in `run_callbacks'
actionpack (5.0.2) lib/action_dispatch/middleware/callbacks.rb:36:in `call'
actionpack (5.0.2) lib/action_dispatch/middleware/executor.rb:12:in `call'
actionpack (5.0.2) lib/action_dispatch/middleware/remote_ip.rb:79:in `call'
actionpack (5.0.2) lib/action_dispatch/middleware/debug_exceptions.rb:49:in `call'
web-console (3.4.0) lib/web_console/middleware.rb:135:in `call_app'
web-console (3.4.0) lib/web_console/middleware.rb:28:in `block in call'
web-console (3.4.0) lib/web_console/middleware.rb:18:in `catch'
web-console (3.4.0) lib/web_console/middleware.rb:18:in `call'
actionpack (5.0.2) lib/action_dispatch/middleware/show_exceptions.rb:31:in `call'
railties (5.0.2) lib/rails/rack/logger.rb:36:in `call_app'
railties (5.0.2) lib/rails/rack/logger.rb:24:in `block in call'
activesupport (5.0.2) lib/active_support/tagged_logging.rb:69:in `block in tagged'
activesupport (5.0.2) lib/active_support/tagged_logging.rb:26:in `tagged'
activesupport (5.0.2) lib/active_support/tagged_logging.rb:69:in `tagged'
railties (5.0.2) lib/rails/rack/logger.rb:24:in `call'
sprockets-rails (3.2.0) lib/sprockets/rails/quiet_assets.rb:13:in `call'
actionpack (5.0.2) lib/action_dispatch/middleware/request_id.rb:24:in `call'
rack (2.0.1) lib/rack/method_override.rb:22:in `call'
rack (2.0.1) lib/rack/runtime.rb:22:in `call'
activesupport (5.0.2) lib/active_support/cache/strategy/local_cache_middleware.rb:28:in `call'
actionpack (5.0.2) lib/action_dispatch/middleware/executor.rb:12:in `call'
actionpack (5.0.2) lib/action_dispatch/middleware/static.rb:136:in `call'
rack (2.0.1) lib/rack/sendfile.rb:111:in `call'
railties (5.0.2) lib/rails/engine.rb:522:in `call'
puma (3.8.2) lib/puma/configuration.rb:224:in `call'
puma (3.8.2) lib/puma/server.rb:600:in `handle_request'
puma (3.8.2) lib/puma/server.rb:435:in `process_client'
puma (3.8.2) lib/puma/server.rb:299:in `block in run'
puma (3.8.2) lib/puma/thread_pool.rb:120:in `block in spawn_thread'
  Rendering /Users/skylar/.rbenv/versions/2.4.2/lib/ruby/gems/2.4.0/gems/actionpack-5.0.2/lib/action_dispatch/middleware/templates/rescues/unknown_action.html.erb within rescues/layout
  Rendered /Users/skylar/.rbenv/versions/2.4.2/lib/ruby/gems/2.4.0/gems/actionpack-5.0.2/lib/action_dispatch/middleware/templates/rescues/unknown_action.html.erb within rescues/layout (6.5ms)
Started DELETE "/users/sign_out" for ::1 at 2018-01-13 12:12:50 -0500
Processing by Devise::SessionsController#destroy as HTML
  Parameters: {"authenticity_token"=>"h0nI6DM+nCz8Cmfk/yRR4qF/zeELFXaSrOZpmIuO6RBqcxOjXmoBSAuGS5aDBnmlGeceR4c3hvaIQSVoKCDEHw=="}
  [1m[36mUser Load (0.2ms)[0m  [1m[34mSELECT  "users".* FROM "users" WHERE "users"."id" = ? ORDER BY "users"."id" ASC LIMIT ?[0m  [["id", 1], ["LIMIT", 1]]
Redirected to http://localhost:3000/
Filter chain halted as :verify_signed_out_user rendered or redirected
Completed 302 Found in 36ms (ActiveRecord: 1.3ms)


Started GET "/" for ::1 at 2018-01-13 12:12:50 -0500
Processing by OrdersController#index as HTML
Completed 401 Unauthorized in 9ms (ActiveRecord: 0.0ms)


Started GET "/users/sign_in" for ::1 at 2018-01-13 12:12:50 -0500
Processing by Devise::SessionsController#new as HTML
  Rendering devise/sessions/new.html.erb within layouts/application
  Rendered devise/sessions/new.html.erb within layouts/application (22.0ms)
  Rendered layouts/_notifications.html.erb (0.7ms)
Completed 200 OK in 747ms (Views: 726.4ms | ActiveRecord: 0.0ms)


